\BOOKMARK [0][-]{chapter*.1}{\376\377\000S\000t\000r\000e\000s\000z\000c\000z\000e\000n\000i\000e}{}% 1
\BOOKMARK [0][-]{chapter*.3}{\376\377\000W\000s\000t\001\031\000p}{}% 2
\BOOKMARK [0][-]{chapter.1}{\376\377\000O\000g\000\363\000l\000n\000y\000\040\000p\000r\000o\000b\000l\000e\000m}{}% 3
\BOOKMARK [1][-]{section.1.1}{\376\377\000A\000l\000g\000o\000r\000y\000t\000m\000\040\000g\000e\000n\000e\000t\000y\000c\000z\000n\000y}{chapter.1}% 4
\BOOKMARK [1][-]{section.1.2}{\376\377\000A\000l\000g\000o\000r\000y\000t\000m\000\040\000m\000r\000o\000w\000k\000o\000w\000y}{chapter.1}% 5
\BOOKMARK [1][-]{section.1.3}{\376\377\000A\000l\000g\000o\000r\000y\000t\000m\000\040\000z\000a\000c\000h\000l\000a\000n\000n\000e}{chapter.1}% 6
\BOOKMARK [0][-]{chapter.2}{\376\377\000A\000l\000g\000o\000r\000y\000t\000m\000\040\000g\000e\000n\000e\000t\000y\000c\000z\000n\000y}{}% 7
\BOOKMARK [1][-]{section.2.1}{\376\377\000O\000p\000i\000s\000\040\000d\000z\000i\000a\001\102\000a\000n\000i\000a\000\040\000a\000l\000g\000o\000r\000y\000t\000m\000u}{chapter.2}% 8
\BOOKMARK [1][-]{section.2.2}{\376\377\000C\000h\000r\000o\000m\000o\000s\000o\000m}{chapter.2}% 9
\BOOKMARK [1][-]{section.2.3}{\376\377\000S\000e\000l\000e\000k\000c\000j\000a}{chapter.2}% 10
\BOOKMARK [0][-]{chapter.3}{\376\377\000R\000o\000z\000d\000z\000i\000a\001\102\000\040\0003}{}% 11
\BOOKMARK [0][-]{chapter.4}{\376\377\000R\000o\000z\000d\000z\000i\000a\001\102\000\040\0004}{}% 12
\BOOKMARK [0][-]{chapter.5}{\376\377\000R\000o\000z\000d\000z\000i\000a\001\102\000\040\0005}{}% 13
\BOOKMARK [0][-]{chapter.6}{\376\377\000R\000o\000z\000d\000z\000i\000a\001\102\000\040\0006}{}% 14
\BOOKMARK [0][-]{chapter*.7}{\376\377\000P\000o\000d\000s\000u\000m\000o\000w\000a\000n\000i\000e}{}% 15
\BOOKMARK [0][-]{chapter*.8}{\376\377\000B\000i\000b\000l\000i\000o\000g\000r\000a\000f\000i\000a}{}% 16
\BOOKMARK [0][-]{chapter*.9}{\376\377\000S\000p\000i\000s\000\040\000t\000a\000b\000e\000l}{}% 17
\BOOKMARK [0][-]{chapter*.10}{\376\377\000S\000p\000i\000s\000\040\000r\000y\000s\000u\000n\000k\000\363\000w}{}% 18
\BOOKMARK [0][-]{chapter*.11}{\376\377\000S\000p\000i\000s\000\040\000l\000i\000s\000t\000i\000n\000g\000\363\000w}{}% 19
\BOOKMARK [0][-]{chapter*.12}{\376\377\000S\000p\000i\000s\000\040\000a\000l\000g\000o\000r\000y\000t\000m\000\363\000w}{}% 20
